Watching for file changes with StatReloader
Performing system checks...

System check identified no issues (0 silenced).
August 13, 2025 - 15:11:10
Django version 4.2.11, using settings 'chatbot_project.settings'
Starting development server at http://127.0.0.1:8000/
Quit the server with CONTROL-C.

Received notification from DBMS server: {severity: WARNING} {code: Neo.ClientNotification.Statement.UnknownRelationshipTypeWarning} {category: UNRECOGNIZED} {title: The provided relationship type is not in the database.} {description: One of the relationship types in your query is not available in the database, make sure you didn't misspell it or that the label is available when you run this statement in your application (the missing relationship type is: REFERENCES_CHUNK)} {position: line: 3, column: 26, offset: 84} for query: '\n        MATCH (source:Chunk {chunk_id: $source_chunk_id})\n        MATCH (source)-[:REFERENCES_CHUNK]->(ref_chunk:Chunk)\n        WHERE toLower(ref_chunk.content) CONTAINS toLower($query_text)\n        AND NOT ref_chunk.chunk_id IN $visited\n        RETURN ref_chunk.chunk_id as chunk_id, ref_chunk.spec_id as spec_id,\n               ref_chunk.section_id as section_id, ref_chunk.section_title as section_title,\n               ref_chunk.content as content, ref_chunk.chunk_type as chunk_type\n        ORDER BY size(ref_chunk.content) DESC\n        LIMIT $limit\n        '
Received notification from DBMS server: {severity: WARNING} {code: Neo.ClientNotification.Statement.UnknownRelationshipTypeWarning} {category: UNRECOGNIZED} {title: The provided relationship type is not in the database.} {description: One of the relationship types in your query is not available in the database, make sure you didn't misspell it or that the label is available when you run this statement in your application (the missing relationship type is: REFERENCES_CHUNK)} {position: line: 3, column: 26, offset: 84} for query: '\n        MATCH (source:Chunk {chunk_id: $source_chunk_id})\n        MATCH (source)-[:REFERENCES_CHUNK]->(ref_chunk:Chunk)\n        WHERE toLower(ref_chunk.content) CONTAINS toLower($query_text)\n        AND NOT ref_chunk.chunk_id IN $visited\n        RETURN ref_chunk.chunk_id as chunk_id, ref_chunk.spec_id as spec_id,\n               ref_chunk.section_id as section_id, ref_chunk.section_title as section_title,\n               ref_chunk.content as content, ref_chunk.chunk_type as chunk_type\n        ORDER BY size(ref_chunk.content) DESC\n        LIMIT $limit\n        '
Received notification from DBMS server: {severity: WARNING} {code: Neo.ClientNotification.Statement.UnknownRelationshipTypeWarning} {category: UNRECOGNIZED} {title: The provided relationship type is not in the database.} {description: One of the relationship types in your query is not available in the database, make sure you didn't misspell it or that the label is available when you run this statement in your application (the missing relationship type is: REFERENCES_CHUNK)} {position: line: 3, column: 26, offset: 84} for query: '\n        MATCH (source:Chunk {chunk_id: $source_chunk_id})\n        MATCH (source)-[:REFERENCES_CHUNK]->(ref_chunk:Chunk)\n        WHERE toLower(ref_chunk.content) CONTAINS toLower($query_text)\n        AND NOT ref_chunk.chunk_id IN $visited\n        RETURN ref_chunk.chunk_id as chunk_id, ref_chunk.spec_id as spec_id,\n               ref_chunk.section_id as section_id, ref_chunk.section_title as section_title,\n               ref_chunk.content as content, ref_chunk.chunk_type as chunk_type\n        ORDER BY size(ref_chunk.content) DESC\n        LIMIT $limit\n        '
Received notification from DBMS server: {severity: WARNING} {code: Neo.ClientNotification.Statement.UnknownRelationshipTypeWarning} {category: UNRECOGNIZED} {title: The provided relationship type is not in the database.} {description: One of the relationship types in your query is not available in the database, make sure you didn't misspell it or that the label is available when you run this statement in your application (the missing relationship type is: REFERENCES_CHUNK)} {position: line: 3, column: 26, offset: 84} for query: '\n        MATCH (source:Chunk {chunk_id: $source_chunk_id})\n        MATCH (source)-[:REFERENCES_CHUNK]->(ref_chunk:Chunk)\n        WHERE toLower(ref_chunk.content) CONTAINS toLower($query_text)\n        AND NOT ref_chunk.chunk_id IN $visited\n        RETURN ref_chunk.chunk_id as chunk_id, ref_chunk.spec_id as spec_id,\n               ref_chunk.section_id as section_id, ref_chunk.section_title as section_title,\n               ref_chunk.content as content, ref_chunk.chunk_type as chunk_type\n        ORDER BY size(ref_chunk.content) DESC\n        LIMIT $limit\n        '
Received notification from DBMS server: {severity: WARNING} {code: Neo.ClientNotification.Statement.UnknownRelationshipTypeWarning} {category: UNRECOGNIZED} {title: The provided relationship type is not in the database.} {description: One of the relationship types in your query is not available in the database, make sure you didn't misspell it or that the label is available when you run this statement in your application (the missing relationship type is: REFERENCES_CHUNK)} {position: line: 3, column: 26, offset: 84} for query: '\n        MATCH (source:Chunk {chunk_id: $source_chunk_id})\n        MATCH (source)-[:REFERENCES_CHUNK]->(ref_chunk:Chunk)\n        WHERE toLower(ref_chunk.content) CONTAINS toLower($query_text)\n        AND NOT ref_chunk.chunk_id IN $visited\n        RETURN ref_chunk.chunk_id as chunk_id, ref_chunk.spec_id as spec_id,\n               ref_chunk.section_id as section_id, ref_chunk.section_title as section_title,\n               ref_chunk.content as content, ref_chunk.chunk_type as chunk_type\n        ORDER BY size(ref_chunk.content) DESC\n        LIMIT $limit\n        '
[13/Aug/2025 15:11:28] "POST /chatbot/api/ HTTP/1.1" 200 1731
[13/Aug/2025 15:11:50] "POST /chatbot/api/ HTTP/1.1" 200 212
[13/Aug/2025 15:12:16] "GET / HTTP/1.1" 200 5497
[13/Aug/2025 15:12:22] "POST /chatbot/api/ HTTP/1.1" 200 211
[13/Aug/2025 15:12:28] "GET / HTTP/1.1" 200 5497
[13/Aug/2025 15:12:28] "GET / HTTP/1.1" 200 5497
[13/Aug/2025 15:12:29] "GET / HTTP/1.1" 200 5497
[13/Aug/2025 15:12:29] "GET / HTTP/1.1" 200 5497
[13/Aug/2025 15:12:35] "POST /chatbot/api/ HTTP/1.1" 200 201
[13/Aug/2025 15:13:12] "GET / HTTP/1.1" 200 5497
[13/Aug/2025 15:13:13] "GET / HTTP/1.1" 200 5497
[13/Aug/2025 15:13:13] "GET / HTTP/1.1" 200 5497
[13/Aug/2025 15:13:13] "GET / HTTP/1.1" 200 5497
[13/Aug/2025 15:13:13] "GET / HTTP/1.1" 200 5497
[13/Aug/2025 15:13:14] "GET / HTTP/1.1" 200 5497
[13/Aug/2025 15:13:23] "POST /chatbot/api/ HTTP/1.1" 200 200
/home/linguyen/3GPP/chatbot_project/chatbot/views.py changed, reloading.
Watching for file changes with StatReloader
Performing system checks...

Initializing RAG system...
RAG system initialized successfully!
System check identified no issues (0 silenced).
August 13, 2025 - 15:14:36
Django version 4.2.11, using settings 'chatbot_project.settings'
Starting development server at http://127.0.0.1:8000/
Quit the server with CONTROL-C.

/home/linguyen/3GPP/chatbot_project/chatbot/views.py changed, reloading.
Watching for file changes with StatReloader
Performing system checks...

Initializing RAG system...
RAG system initialized successfully!
System check identified no issues (0 silenced).
August 13, 2025 - 15:14:53
Django version 4.2.11, using settings 'chatbot_project.settings'
Starting development server at http://127.0.0.1:8000/
Quit the server with CONTROL-C.

Processing message: What is the role of AMF in 5G architecture?
RAG Available: True
RAG Ready: True
RAG query: What is the role of AMF in 5G architecture?...
Received notification from DBMS server: {severity: WARNING} {code: Neo.ClientNotification.Statement.UnknownRelationshipTypeWarning} {category: UNRECOGNIZED} {title: The provided relationship type is not in the database.} {description: One of the relationship types in your query is not available in the database, make sure you didn't misspell it or that the label is available when you run this statement in your application (the missing relationship type is: REFERENCES_CHUNK)} {position: line: 3, column: 26, offset: 84} for query: '\n        MATCH (source:Chunk {chunk_id: $source_chunk_id})\n        MATCH (source)-[:REFERENCES_CHUNK]->(ref_chunk:Chunk)\n        WHERE toLower(ref_chunk.content) CONTAINS toLower($query_text)\n        AND NOT ref_chunk.chunk_id IN $visited\n        RETURN ref_chunk.chunk_id as chunk_id, ref_chunk.spec_id as spec_id,\n               ref_chunk.section_id as section_id, ref_chunk.section_title as section_title,\n               ref_chunk.content as content, ref_chunk.chunk_type as chunk_type\n        ORDER BY size(ref_chunk.content) DESC\n        LIMIT $limit\n        '
Received notification from DBMS server: {severity: WARNING} {code: Neo.ClientNotification.Statement.UnknownRelationshipTypeWarning} {category: UNRECOGNIZED} {title: The provided relationship type is not in the database.} {description: One of the relationship types in your query is not available in the database, make sure you didn't misspell it or that the label is available when you run this statement in your application (the missing relationship type is: REFERENCES_CHUNK)} {position: line: 3, column: 26, offset: 84} for query: '\n        MATCH (source:Chunk {chunk_id: $source_chunk_id})\n        MATCH (source)-[:REFERENCES_CHUNK]->(ref_chunk:Chunk)\n        WHERE toLower(ref_chunk.content) CONTAINS toLower($query_text)\n        AND NOT ref_chunk.chunk_id IN $visited\n        RETURN ref_chunk.chunk_id as chunk_id, ref_chunk.spec_id as spec_id,\n               ref_chunk.section_id as section_id, ref_chunk.section_title as section_title,\n               ref_chunk.content as content, ref_chunk.chunk_type as chunk_type\n        ORDER BY size(ref_chunk.content) DESC\n        LIMIT $limit\n        '
Received notification from DBMS server: {severity: WARNING} {code: Neo.ClientNotification.Statement.UnknownRelationshipTypeWarning} {category: UNRECOGNIZED} {title: The provided relationship type is not in the database.} {description: One of the relationship types in your query is not available in the database, make sure you didn't misspell it or that the label is available when you run this statement in your application (the missing relationship type is: REFERENCES_CHUNK)} {position: line: 3, column: 26, offset: 84} for query: '\n        MATCH (source:Chunk {chunk_id: $source_chunk_id})\n        MATCH (source)-[:REFERENCES_CHUNK]->(ref_chunk:Chunk)\n        WHERE toLower(ref_chunk.content) CONTAINS toLower($query_text)\n        AND NOT ref_chunk.chunk_id IN $visited\n        RETURN ref_chunk.chunk_id as chunk_id, ref_chunk.spec_id as spec_id,\n               ref_chunk.section_id as section_id, ref_chunk.section_title as section_title,\n               ref_chunk.content as content, ref_chunk.chunk_type as chunk_type\n        ORDER BY size(ref_chunk.content) DESC\n        LIMIT $limit\n        '
Received notification from DBMS server: {severity: WARNING} {code: Neo.ClientNotification.Statement.UnknownRelationshipTypeWarning} {category: UNRECOGNIZED} {title: The provided relationship type is not in the database.} {description: One of the relationship types in your query is not available in the database, make sure you didn't misspell it or that the label is available when you run this statement in your application (the missing relationship type is: REFERENCES_CHUNK)} {position: line: 3, column: 26, offset: 84} for query: '\n        MATCH (source:Chunk {chunk_id: $source_chunk_id})\n        MATCH (source)-[:REFERENCES_CHUNK]->(ref_chunk:Chunk)\n        WHERE toLower(ref_chunk.content) CONTAINS toLower($query_text)\n        AND NOT ref_chunk.chunk_id IN $visited\n        RETURN ref_chunk.chunk_id as chunk_id, ref_chunk.spec_id as spec_id,\n               ref_chunk.section_id as section_id, ref_chunk.section_title as section_title,\n               ref_chunk.content as content, ref_chunk.chunk_type as chunk_type\n        ORDER BY size(ref_chunk.content) DESC\n        LIMIT $limit\n        '
Received notification from DBMS server: {severity: WARNING} {code: Neo.ClientNotification.Statement.UnknownRelationshipTypeWarning} {category: UNRECOGNIZED} {title: The provided relationship type is not in the database.} {description: One of the relationship types in your query is not available in the database, make sure you didn't misspell it or that the label is available when you run this statement in your application (the missing relationship type is: REFERENCES_CHUNK)} {position: line: 3, column: 26, offset: 84} for query: '\n        MATCH (source:Chunk {chunk_id: $source_chunk_id})\n        MATCH (source)-[:REFERENCES_CHUNK]->(ref_chunk:Chunk)\n        WHERE toLower(ref_chunk.content) CONTAINS toLower($query_text)\n        AND NOT ref_chunk.chunk_id IN $visited\n        RETURN ref_chunk.chunk_id as chunk_id, ref_chunk.spec_id as spec_id,\n               ref_chunk.section_id as section_id, ref_chunk.section_title as section_title,\n               ref_chunk.content as content, ref_chunk.chunk_type as chunk_type\n        ORDER BY size(ref_chunk.content) DESC\n        LIMIT $limit\n        '
RAG response length: 1771
Using RAG response
[13/Aug/2025 15:15:10] "POST /chatbot/api/ HTTP/1.1" 200 1877
[13/Aug/2025 15:15:28] "GET / HTTP/1.1" 200 5497
Not Found: /favicon.ico
[13/Aug/2025 15:15:29] "GET /favicon.ico HTTP/1.1" 404 2555
Processing message: what is the role of AMF in 5G
RAG Available: True
RAG Ready: True
RAG query: what is the role of AMF in 5G...
Received notification from DBMS server: {severity: WARNING} {code: Neo.ClientNotification.Statement.UnknownRelationshipTypeWarning} {category: UNRECOGNIZED} {title: The provided relationship type is not in the database.} {description: One of the relationship types in your query is not available in the database, make sure you didn't misspell it or that the label is available when you run this statement in your application (the missing relationship type is: REFERENCES_CHUNK)} {position: line: 3, column: 26, offset: 84} for query: '\n        MATCH (source:Chunk {chunk_id: $source_chunk_id})\n        MATCH (source)-[:REFERENCES_CHUNK]->(ref_chunk:Chunk)\n        WHERE toLower(ref_chunk.content) CONTAINS toLower($query_text)\n        AND NOT ref_chunk.chunk_id IN $visited\n        RETURN ref_chunk.chunk_id as chunk_id, ref_chunk.spec_id as spec_id,\n               ref_chunk.section_id as section_id, ref_chunk.section_title as section_title,\n               ref_chunk.content as content, ref_chunk.chunk_type as chunk_type\n        ORDER BY size(ref_chunk.content) DESC\n        LIMIT $limit\n        '
Received notification from DBMS server: {severity: WARNING} {code: Neo.ClientNotification.Statement.UnknownRelationshipTypeWarning} {category: UNRECOGNIZED} {title: The provided relationship type is not in the database.} {description: One of the relationship types in your query is not available in the database, make sure you didn't misspell it or that the label is available when you run this statement in your application (the missing relationship type is: REFERENCES_CHUNK)} {position: line: 3, column: 26, offset: 84} for query: '\n        MATCH (source:Chunk {chunk_id: $source_chunk_id})\n        MATCH (source)-[:REFERENCES_CHUNK]->(ref_chunk:Chunk)\n        WHERE toLower(ref_chunk.content) CONTAINS toLower($query_text)\n        AND NOT ref_chunk.chunk_id IN $visited\n        RETURN ref_chunk.chunk_id as chunk_id, ref_chunk.spec_id as spec_id,\n               ref_chunk.section_id as section_id, ref_chunk.section_title as section_title,\n               ref_chunk.content as content, ref_chunk.chunk_type as chunk_type\n        ORDER BY size(ref_chunk.content) DESC\n        LIMIT $limit\n        '
Received notification from DBMS server: {severity: WARNING} {code: Neo.ClientNotification.Statement.UnknownRelationshipTypeWarning} {category: UNRECOGNIZED} {title: The provided relationship type is not in the database.} {description: One of the relationship types in your query is not available in the database, make sure you didn't misspell it or that the label is available when you run this statement in your application (the missing relationship type is: REFERENCES_CHUNK)} {position: line: 3, column: 26, offset: 84} for query: '\n        MATCH (source:Chunk {chunk_id: $source_chunk_id})\n        MATCH (source)-[:REFERENCES_CHUNK]->(ref_chunk:Chunk)\n        WHERE toLower(ref_chunk.content) CONTAINS toLower($query_text)\n        AND NOT ref_chunk.chunk_id IN $visited\n        RETURN ref_chunk.chunk_id as chunk_id, ref_chunk.spec_id as spec_id,\n               ref_chunk.section_id as section_id, ref_chunk.section_title as section_title,\n               ref_chunk.content as content, ref_chunk.chunk_type as chunk_type\n        ORDER BY size(ref_chunk.content) DESC\n        LIMIT $limit\n        '
Received notification from DBMS server: {severity: WARNING} {code: Neo.ClientNotification.Statement.UnknownRelationshipTypeWarning} {category: UNRECOGNIZED} {title: The provided relationship type is not in the database.} {description: One of the relationship types in your query is not available in the database, make sure you didn't misspell it or that the label is available when you run this statement in your application (the missing relationship type is: REFERENCES_CHUNK)} {position: line: 3, column: 26, offset: 84} for query: '\n        MATCH (source:Chunk {chunk_id: $source_chunk_id})\n        MATCH (source)-[:REFERENCES_CHUNK]->(ref_chunk:Chunk)\n        WHERE toLower(ref_chunk.content) CONTAINS toLower($query_text)\n        AND NOT ref_chunk.chunk_id IN $visited\n        RETURN ref_chunk.chunk_id as chunk_id, ref_chunk.spec_id as spec_id,\n               ref_chunk.section_id as section_id, ref_chunk.section_title as section_title,\n               ref_chunk.content as content, ref_chunk.chunk_type as chunk_type\n        ORDER BY size(ref_chunk.content) DESC\n        LIMIT $limit\n        '
Received notification from DBMS server: {severity: WARNING} {code: Neo.ClientNotification.Statement.UnknownRelationshipTypeWarning} {category: UNRECOGNIZED} {title: The provided relationship type is not in the database.} {description: One of the relationship types in your query is not available in the database, make sure you didn't misspell it or that the label is available when you run this statement in your application (the missing relationship type is: REFERENCES_CHUNK)} {position: line: 3, column: 26, offset: 84} for query: '\n        MATCH (source:Chunk {chunk_id: $source_chunk_id})\n        MATCH (source)-[:REFERENCES_CHUNK]->(ref_chunk:Chunk)\n        WHERE toLower(ref_chunk.content) CONTAINS toLower($query_text)\n        AND NOT ref_chunk.chunk_id IN $visited\n        RETURN ref_chunk.chunk_id as chunk_id, ref_chunk.spec_id as spec_id,\n               ref_chunk.section_id as section_id, ref_chunk.section_title as section_title,\n               ref_chunk.content as content, ref_chunk.chunk_type as chunk_type\n        ORDER BY size(ref_chunk.content) DESC\n        LIMIT $limit\n        '
RAG response length: 1679
Using RAG response
[13/Aug/2025 15:15:59] "POST /chatbot/api/ HTTP/1.1" 200 1766
Processing message: hello
RAG Available: True
RAG Ready: True
RAG query: hello...
Received notification from DBMS server: {severity: WARNING} {code: Neo.ClientNotification.Statement.UnknownRelationshipTypeWarning} {category: UNRECOGNIZED} {title: The provided relationship type is not in the database.} {description: One of the relationship types in your query is not available in the database, make sure you didn't misspell it or that the label is available when you run this statement in your application (the missing relationship type is: REFERENCES_CHUNK)} {position: line: 3, column: 26, offset: 84} for query: '\n        MATCH (source:Chunk {chunk_id: $source_chunk_id})\n        MATCH (source)-[:REFERENCES_CHUNK]->(ref_chunk:Chunk)\n        WHERE toLower(ref_chunk.content) CONTAINS toLower($query_text)\n        AND NOT ref_chunk.chunk_id IN $visited\n        RETURN ref_chunk.chunk_id as chunk_id, ref_chunk.spec_id as spec_id,\n               ref_chunk.section_id as section_id, ref_chunk.section_title as section_title,\n               ref_chunk.content as content, ref_chunk.chunk_type as chunk_type\n        ORDER BY size(ref_chunk.content) DESC\n        LIMIT $limit\n        '
Received notification from DBMS server: {severity: WARNING} {code: Neo.ClientNotification.Statement.UnknownRelationshipTypeWarning} {category: UNRECOGNIZED} {title: The provided relationship type is not in the database.} {description: One of the relationship types in your query is not available in the database, make sure you didn't misspell it or that the label is available when you run this statement in your application (the missing relationship type is: REFERENCES_CHUNK)} {position: line: 3, column: 26, offset: 84} for query: '\n        MATCH (source:Chunk {chunk_id: $source_chunk_id})\n        MATCH (source)-[:REFERENCES_CHUNK]->(ref_chunk:Chunk)\n        WHERE toLower(ref_chunk.content) CONTAINS toLower($query_text)\n        AND NOT ref_chunk.chunk_id IN $visited\n        RETURN ref_chunk.chunk_id as chunk_id, ref_chunk.spec_id as spec_id,\n               ref_chunk.section_id as section_id, ref_chunk.section_title as section_title,\n               ref_chunk.content as content, ref_chunk.chunk_type as chunk_type\n        ORDER BY size(ref_chunk.content) DESC\n        LIMIT $limit\n        '
RAG response length: 936
Using RAG response
[13/Aug/2025 15:20:41] "POST /chatbot/api/ HTTP/1.1" 200 995
[13/Aug/2025 15:20:57] "GET / HTTP/1.1" 200 5497
[16/Aug/2025 05:55:24] "GET / HTTP/1.1" 200 5497
Not Found: /favicon.ico
[16/Aug/2025 05:55:25] "GET / HTTP/1.1" 200 5497
[17/Aug/2025 04:31:34] "GET / HTTP/1.1" 200 5497
[17/Aug/2025 04:31:35] "GET / HTTP/1.1" 200 5497
Processing message: hi
RAG Available: True
RAG Ready: True
RAG query: hi...
Received notification from DBMS server: {severity: WARNING} {code: Neo.ClientNotification.Statement.UnknownRelationshipTypeWarning} {category: UNRECOGNIZED} {title: The provided relationship type is not in the database.} {description: One of the relationship types in your query is not available in the database, make sure you didn't misspell it or that the label is available when you run this statement in your application (the missing relationship type is: REFERENCES_CHUNK)} {position: line: 3, column: 26, offset: 84} for query: '\n        MATCH (source:Chunk {chunk_id: $source_chunk_id})\n        MATCH (source)-[:REFERENCES_CHUNK]->(ref_chunk:Chunk)\n        WHERE toLower(ref_chunk.content) CONTAINS toLower($query_text)\n        AND NOT ref_chunk.chunk_id IN $visited\n        RETURN ref_chunk.chunk_id as chunk_id, ref_chunk.spec_id as spec_id,\n               ref_chunk.section_id as section_id, ref_chunk.section_title as section_title,\n               ref_chunk.content as content, ref_chunk.chunk_type as chunk_type\n        ORDER BY size(ref_chunk.content) DESC\n        LIMIT $limit\n        '
Received notification from DBMS server: {severity: WARNING} {code: Neo.ClientNotification.Statement.UnknownRelationshipTypeWarning} {category: UNRECOGNIZED} {title: The provided relationship type is not in the database.} {description: One of the relationship types in your query is not available in the database, make sure you didn't misspell it or that the label is available when you run this statement in your application (the missing relationship type is: REFERENCES_CHUNK)} {position: line: 3, column: 26, offset: 84} for query: '\n        MATCH (source:Chunk {chunk_id: $source_chunk_id})\n        MATCH (source)-[:REFERENCES_CHUNK]->(ref_chunk:Chunk)\n        WHERE toLower(ref_chunk.content) CONTAINS toLower($query_text)\n        AND NOT ref_chunk.chunk_id IN $visited\n        RETURN ref_chunk.chunk_id as chunk_id, ref_chunk.spec_id as spec_id,\n               ref_chunk.section_id as section_id, ref_chunk.section_title as section_title,\n               ref_chunk.content as content, ref_chunk.chunk_type as chunk_type\n        ORDER BY size(ref_chunk.content) DESC\n        LIMIT $limit\n        '
Received notification from DBMS server: {severity: WARNING} {code: Neo.ClientNotification.Statement.UnknownRelationshipTypeWarning} {category: UNRECOGNIZED} {title: The provided relationship type is not in the database.} {description: One of the relationship types in your query is not available in the database, make sure you didn't misspell it or that the label is available when you run this statement in your application (the missing relationship type is: REFERENCES_CHUNK)} {position: line: 3, column: 26, offset: 84} for query: '\n        MATCH (source:Chunk {chunk_id: $source_chunk_id})\n        MATCH (source)-[:REFERENCES_CHUNK]->(ref_chunk:Chunk)\n        WHERE toLower(ref_chunk.content) CONTAINS toLower($query_text)\n        AND NOT ref_chunk.chunk_id IN $visited\n        RETURN ref_chunk.chunk_id as chunk_id, ref_chunk.spec_id as spec_id,\n               ref_chunk.section_id as section_id, ref_chunk.section_title as section_title,\n               ref_chunk.content as content, ref_chunk.chunk_type as chunk_type\n        ORDER BY size(ref_chunk.content) DESC\n        LIMIT $limit\n        '
Received notification from DBMS server: {severity: WARNING} {code: Neo.ClientNotification.Statement.UnknownRelationshipTypeWarning} {category: UNRECOGNIZED} {title: The provided relationship type is not in the database.} {description: One of the relationship types in your query is not available in the database, make sure you didn't misspell it or that the label is available when you run this statement in your application (the missing relationship type is: REFERENCES_CHUNK)} {position: line: 3, column: 26, offset: 84} for query: '\n        MATCH (source:Chunk {chunk_id: $source_chunk_id})\n        MATCH (source)-[:REFERENCES_CHUNK]->(ref_chunk:Chunk)\n        WHERE toLower(ref_chunk.content) CONTAINS toLower($query_text)\n        AND NOT ref_chunk.chunk_id IN $visited\n        RETURN ref_chunk.chunk_id as chunk_id, ref_chunk.spec_id as spec_id,\n               ref_chunk.section_id as section_id, ref_chunk.section_title as section_title,\n               ref_chunk.content as content, ref_chunk.chunk_type as chunk_type\n        ORDER BY size(ref_chunk.content) DESC\n        LIMIT $limit\n        '
Received notification from DBMS server: {severity: WARNING} {code: Neo.ClientNotification.Statement.UnknownRelationshipTypeWarning} {category: UNRECOGNIZED} {title: The provided relationship type is not in the database.} {description: One of the relationship types in your query is not available in the database, make sure you didn't misspell it or that the label is available when you run this statement in your application (the missing relationship type is: REFERENCES_CHUNK)} {position: line: 3, column: 26, offset: 84} for query: '\n        MATCH (source:Chunk {chunk_id: $source_chunk_id})\n        MATCH (source)-[:REFERENCES_CHUNK]->(ref_chunk:Chunk)\n        WHERE toLower(ref_chunk.content) CONTAINS toLower($query_text)\n        AND NOT ref_chunk.chunk_id IN $visited\n        RETURN ref_chunk.chunk_id as chunk_id, ref_chunk.spec_id as spec_id,\n               ref_chunk.section_id as section_id, ref_chunk.section_title as section_title,\n               ref_chunk.content as content, ref_chunk.chunk_type as chunk_type\n        ORDER BY size(ref_chunk.content) DESC\n        LIMIT $limit\n        '
RAG response length: 2519
Using RAG response
[17/Aug/2025 04:31:42] "POST /chatbot/api/ HTTP/1.1" 200 2592
[17/Aug/2025 04:34:16] "GET / HTTP/1.1" 200 5497
[17/Aug/2025 04:34:19] "GET / HTTP/1.1" 200 5497
[17/Aug/2025 04:34:21] "GET / HTTP/1.1" 200 5497
